[Simulation 8000] Failed connecting to remote API server
[Simulation 8001] Failed connecting to remote API server
[Simulation 8002] Failed connecting to remote API server
[Simulation 8003] Failed connecting to remote API server
[Simulation 8001] Failed connecting to remote API server
[Simulation 8000] Failed connecting to remote API server
[Simulation 8002] Failed connecting to remote API server
[Simulation 8003] Failed connecting to remote API server
[Simulation 8000] Failed connecting to remote API server
[Simulation 8003] Failed connecting to remote API server
[Simulation 8002] Failed connecting to remote API server
[Simulation 8001] Failed connecting to remote API server
[Simulation 8002] Handle left_shoulder_swing_joint not found!
[Simulation 8000] Handle left_shoulder_swing_joint not found!
new epsilon: 0.1483582252994308
new alpha: 0.4995
n episodes: 4
new epsilon: 0.1471755052296599
new alpha: 0.4990005
n episodes: 8
new epsilon: 0.14585621165656437
new alpha: 0.4985014995
n episodes: 12
new epsilon: 0.14454874434171266
new alpha: 0.4980029980005
n episodes: 16
new epsilon: 0.14339639366720114
new alpha: 0.4975049950024995
n episodes: 20
new epsilon: 0.1421109763671212
new alpha: 0.497007490007497
n episodes: 24
new epsilon: 0.1408370816555324
new alpha: 0.4965104825174895
n episodes: 28
new epsilon: 0.13957460624298507
new alpha: 0.49601397203497205
n episodes: 32
new epsilon: 0.13860051018578626
new alpha: 0.4955179580629371
n episodes: 36
new epsilon: 0.13708350477839285
new alpha: 0.4950224401048741
n episodes: 40
new epsilon: 0.13612679420541682
new alpha: 0.49452741766476926
n episodes: 44
new epsilon: 0.13463686402677652
new alpha: 0.4940328902471045
n episodes: 48
new epsilon: 0.1326313868607002
new alpha: 0.4935388573568574
n episodes: 52
new epsilon: 0.13131102551655466
new alpha: 0.4930453184995005
n episodes: 56
new epsilon: 0.13013394247022678
new alpha: 0.49255227318100103
n episodes: 60
new epsilon: 0.12909650740245546
new alpha: 0.49205972090782
n episodes: 64
new epsilon: 0.12793927548224315
new alpha: 0.4915676611869122
n episodes: 68
new epsilon: 0.1269193364224479
new alpha: 0.4910760935257253
n episodes: 72
new epsilon: 0.12590752837388255
new alpha: 0.49058501743219957
n episodes: 76
new epsilon: 0.12477888272915522
new alpha: 0.49009443241476736
n episodes: 80
new epsilon: 0.1237841384971485
new alpha: 0.4896043379823526
n episodes: 84
new epsilon: 0.12242930071770601
new alpha: 0.48911473364437025
n episodes: 88
new epsilon: 0.12108929186086126
new alpha: 0.48862561891072587
n episodes: 92
new epsilon: 0.12024420545907467
new alpha: 0.48813699329181515
n episodes: 96
new epsilon: 0.11928561192788978
new alpha: 0.48764885629852334
n episodes: 100
new epsilon: 0.11809810937189415
new alpha: 0.4871612074422248
n episodes: 104
new epsilon: 0.11703946801410879
new alpha: 0.48667404623478255
n episodes: 108
new epsilon: 0.11610642282907632
new alpha: 0.4861873721885478
n episodes: 112
new epsilon: 0.11483561891191385
new alpha: 0.48570118481635927
n episodes: 116
new epsilon: 0.11392014293518549
new alpha: 0.48521548363154293
n episodes: 120
new epsilon: 0.1127860542657431
new alpha: 0.48473026814791137
n episodes: 124
new epsilon: 0.11155159232927293
new alpha: 0.48424553787976343
n episodes: 128
new epsilon: 0.11077306986600317
new alpha: 0.48376129234188364
n episodes: 132
new epsilon: 0.10999998073822563
new alpha: 0.48327753104954174
n episodes: 136
new epsilon: 0.10879601283529816
new alpha: 0.4827942535184922
n episodes: 140
new epsilon: 0.10749761733676685
new alpha: 0.4823114592649737
n episodes: 144
new epsilon: 0.10621471717512035
new alpha: 0.48182914780570874
n episodes: 148
new epsilon: 0.10547344095015537
new alpha: 0.48134731865790303
n episodes: 152
new epsilon: 0.10484218029818133
new alpha: 0.48086597133924514
n episodes: 156
new epsilon: 0.10400637257301522
new alpha: 0.4803851053679059
n episodes: 160
new epsilon: 0.10307405072582713
new alpha: 0.479904720262538
n episodes: 164
new epsilon: 0.10225233862850343
new alpha: 0.47942481554227545
n episodes: 168
new epsilon: 0.10164035633829825
new alpha: 0.4789453907267332
n episodes: 172
new epsilon: 0.10093100473755608
new alpha: 0.47846644533600646
n episodes: 176
new epsilon: 0.10002625074558882
new alpha: 0.47798797889067046
n episodes: 180
new epsilon: 0.09922883588017117
new alpha: 0.4775099909117798
n episodes: 184
new epsilon: 0.09833934027260943
new alpha: 0.47703248092086803
n episodes: 188
new epsilon: 0.09775077735576557
new alpha: 0.4765554484399472
n episodes: 192
new epsilon: 0.0967776566575987
new alpha: 0.47607889299150724
n episodes: 196
new epsilon: 0.0959101336261786
new alpha: 0.47560281409851574
n episodes: 200
new epsilon: 0.0948603814200741
new alpha: 0.4751272112844172
n episodes: 204
new epsilon: 0.09372829680580386
new alpha: 0.4746520840731328
n episodes: 208
new epsilon: 0.09307416374518429
new alpha: 0.47417743198905965
n episodes: 212
new epsilon: 0.09251711301508163
new alpha: 0.4737032545570706
n episodes: 216
new epsilon: 0.09168778185422245
new alpha: 0.4732295513025135
n episodes: 220
new epsilon: 0.09104788961879662
new alpha: 0.47275632175121096
n episodes: 224
new epsilon: 0.090322050750442
new alpha: 0.47228356542945976
n episodes: 228
new epsilon: 0.08942288391552015
new alpha: 0.4718112818640303
n episodes: 232
new epsilon: 0.0888876861681689
new alpha: 0.4713394705821663
n episodes: 236
new epsilon: 0.08826733589844143
new alpha: 0.47086813111158415
n episodes: 240
new epsilon: 0.08747610009610217
new alpha: 0.4703972629804726
n episodes: 244
new epsilon: 0.08695255388881662
new alpha: 0.4699268657174921
n episodes: 248
new epsilon: 0.08600084386798634
new alpha: 0.4694569388517746
n episodes: 252
new epsilon: 0.08531524033063874
new alpha: 0.46898748191292283
n episodes: 256
new epsilon: 0.08480462691223428
new alpha: 0.4685184944310099
n episodes: 260
new epsilon: 0.08429706952534358
new alpha: 0.4680499759365789
n episodes: 264
new epsilon: 0.08362504857234772
new alpha: 0.4675819259606423
n episodes: 268
new epsilon: 0.08312455098539512
new alpha: 0.46711434403468166
n episodes: 272
new epsilon: 0.0822970361228246
new alpha: 0.466647229690647
n episodes: 276
new epsilon: 0.08172268223020582
new alpha: 0.46618058246095634
n episodes: 280
new epsilon: 0.08123357034382973
new alpha: 0.4657144018784954
n episodes: 284
new epsilon: 0.0805859717776506
new alpha: 0.4652486874766169
n episodes: 288
new epsilon: 0.07994353590346127
new alpha: 0.4647834387891403
n episodes: 292
new epsilon: 0.13804693919384078
new alpha: 0.4995
n episodes: 40
new epsilon: 0.12666562466893944
new alpha: 0.4990005
n episodes: 80
new epsilon: 0.1165720119108196
new alpha: 0.4985014995
n episodes: 120
new epsilon: 0.10536796750920521
new alpha: 0.4980029980005
n episodes: 160
new epsilon: 0.09697150269147896
new alpha: 0.4975049950024995
n episodes: 200
new epsilon: 0.09005135547402088
new alpha: 0.497007490007497
n episodes: 240
new epsilon: 0.08287542662296733
new alpha: 0.4965104825174895
n episodes: 280
new epsilon: 0.07688425208902348
new alpha: 0.49601397203497205
n episodes: 320
new epsilon: 0.0713975850951856
new alpha: 0.4955179580629371
n episodes: 360
new epsilon: 0.06557677005509206
new alpha: 0.4950224401048741
n episodes: 400
new epsilon: 0.060351149255491794
new alpha: 0.49452741766476926
n episodes: 440
new epsilon: 0.05554194287700857
new alpha: 0.4940328902471045
n episodes: 480
new epsilon: 0.05106485210559419
new alpha: 0.4935388573568574
n episodes: 520
new epsilon: 0.04685479756635333
new alpha: 0.4930453184995005
n episodes: 560
new epsilon: 0.04290590133729205
new alpha: 0.49255227318100103
n episodes: 600
new epsilon: 0.03960555357009568
new alpha: 0.49205972090782
n episodes: 640
new epsilon: 0.0366322985052102
new alpha: 0.4915676611869122
n episodes: 680
new epsilon: 0.033746924820015844
new alpha: 0.4910760935257253
n episodes: 720
new epsilon: 0.03090275280165521
new alpha: 0.49058501743219957
n episodes: 760
new epsilon: 0.028440202912882583
new alpha: 0.49009443241476736
n episodes: 800
new epsilon: 0.026200086501002286
new alpha: 0.4896043379823526
n episodes: 840
new epsilon: 0.02404001379827601
new alpha: 0.48911473364437025
n episodes: 880
new epsilon: 0.02201393483165246
new alpha: 0.48862561891072587
n episodes: 920
new epsilon: 0.02040209576048749
new alpha: 0.48813699329181515
n episodes: 960
new epsilon: 0.018795107593426303
new alpha: 0.48764885629852334
n episodes: 1000
new epsilon: 0.017211066399024078
new alpha: 0.4871612074422248
n episodes: 1040
new epsilon: 0.015776303617396653
new alpha: 0.48667404623478255
n episodes: 1080
new epsilon: 0.014504617038320998
new alpha: 0.4861873721885478
n episodes: 1120
new epsilon: 0.013255624927209563
new alpha: 0.48570118481635927
n episodes: 1160
new epsilon: 0.0121141834869981
new alpha: 0.48521548363154293
n episodes: 1200
new epsilon: 0.011126553144241214
new alpha: 0.48473026814791137
n episodes: 1240
new epsilon: 0.0101990124579731
new alpha: 0.48424553787976343
n episodes: 1280
new epsilon: 0.009367519837734957
new alpha: 0.48376129234188364
n episodes: 1320
new epsilon: 0.008725177796631355
new alpha: 0.48327753104954174
n episodes: 1360
new epsilon: 0.007942005413684873
new alpha: 0.4827942535184922
n episodes: 1400
new epsilon: 0.007353138939640335
new alpha: 0.4823114592649737
n episodes: 1440
new epsilon: 0.006773962790019301
new alpha: 0.48182914780570874
n episodes: 1480
new epsilon: 0.006234165529167566
new alpha: 0.48134731865790303
n episodes: 1520
new epsilon: 0.0057488751329195925
new alpha: 0.48086597133924514
n episodes: 1560
new epsilon: 0.005333281323045599
new alpha: 0.4803851053679059
n episodes: 1600
new epsilon: 0.004908287750040813
new alpha: 0.479904720262538
n episodes: 1640
new epsilon: 0.004512643509834549
new alpha: 0.47942481554227545
n episodes: 1680
new epsilon: 0.004178049873361152
new alpha: 0.4789453907267332
n episodes: 1720
new epsilon: 0.003848962274385859
new alpha: 0.47846644533600646
n episodes: 1760
new epsilon: 0.0035316336143294837
new alpha: 0.47798797889067046
n episodes: 1800
new epsilon: 0.003237226728044298
new alpha: 0.4775099909117798
n episodes: 1840
new epsilon: 0.002985229081487274
new alpha: 0.47703248092086803
n episodes: 1880
new epsilon: 0.0027500950116233474
new alpha: 0.4765554484399472
n episodes: 1920
new epsilon: 0.002538556047324742
new alpha: 0.47607889299150724
n episodes: 1960
new epsilon: 0.0023479824043671836
new alpha: 0.47560281409851574
n episodes: 2000
new epsilon: 0.0021436519166100156
new alpha: 0.4751272112844172
n episodes: 2040
new epsilon: 0.001961023141500299
new alpha: 0.4746520840731328
n episodes: 2080
new epsilon: 0.0018174389189112474
new alpha: 0.47417743198905965
n episodes: 2120
new epsilon: 0.001667599711416174
new alpha: 0.4737032545570706
n episodes: 2160
new epsilon: 0.001530114034963675
new alpha: 0.4732295513025135
n episodes: 2200
new epsilon: 0.0014011568767528203
new alpha: 0.47275632175121096
n episodes: 2240
new epsilon: 0.001292085667022568
new alpha: 0.47228356542945976
n episodes: 2280
new epsilon: 0.0011737569548918906
new alpha: 0.4718112818640303
n episodes: 2320
new epsilon: 0.0010780643326926854
new alpha: 0.4713394705821663
n episodes: 2360
new epsilon: 0.000977377920767336
new alpha: 0.47086813111158415
n episodes: 2400
new epsilon: 0.0008950050542488081
new alpha: 0.4703972629804726
n episodes: 2440
new epsilon: 0.0008286441739553511
new alpha: 0.4699268657174921
n episodes: 2480
new epsilon: 0.000776470241601178
new alpha: 0.4694569388517746
n episodes: 2520
new epsilon: 0.0007160269393727708
new alpha: 0.46898748191292283
n episodes: 2560
new epsilon: 0.0006602887663154967
new alpha: 0.4685184944310099
n episodes: 2600
new epsilon: 0.0006010212145702762
new alpha: 0.4680499759365789
n episodes: 2640
new epsilon: 0.0005559015480275019
new alpha: 0.4675819259606423
n episodes: 2680
new epsilon: 0.0005105806861628338
new alpha: 0.46711434403468166
n episodes: 2720
new epsilon: 0.0004698940062418012
new alpha: 0.466647229690647
n episodes: 2760
new epsilon: 0.00043029160124412753
new alpha: 0.46618058246095634
n episodes: 2800
new epsilon: 0.00039719331217089244
new alpha: 0.4657144018784954
n episodes: 2840
new epsilon: 0.13735808358748422
new alpha: 0.4995
n episodes: 40
